<?xml version="1.0" encoding="UTF-8"?>
<testsuite name="com.longevity.savejob.web.HelloControllerTest" tests="2" skipped="0" failures="0" errors="0" timestamp="2022-08-11T08:41:16" hostname="LAPTOP-RJQPLQEQ" time="0.571">
  <properties/>
  <testcase name="hello가_리턴된다()" classname="com.longevity.savejob.web.HelloControllerTest" time="0.179"/>
  <testcase name="helloDto가_리턴된다()" classname="com.longevity.savejob.web.HelloControllerTest" time="0.39"/>
  <system-out><![CDATA[2022-08-11 17:41:13.679  INFO 21796 --- [    Test worker] .b.t.a.w.s.WebMvcTestContextBootstrapper : Neither @ContextConfiguration nor @ContextHierarchy found for test class [com.longevity.savejob.web.HelloControllerTest], using SpringBootContextLoader
2022-08-11 17:41:13.682  INFO 21796 --- [    Test worker] o.s.t.c.support.AbstractContextLoader    : Could not detect default resource locations for test class [com.longevity.savejob.web.HelloControllerTest]: no resource found for suffixes {-context.xml, Context.groovy}.
2022-08-11 17:41:13.683  INFO 21796 --- [    Test worker] t.c.s.AnnotationConfigContextLoaderUtils : Could not detect default configuration classes for test class [com.longevity.savejob.web.HelloControllerTest]: HelloControllerTest does not declare any static, non-private, non-final, nested classes annotated with @Configuration.
2022-08-11 17:41:13.729  INFO 21796 --- [    Test worker] .b.t.c.SpringBootTestContextBootstrapper : Found @SpringBootConfiguration com.longevity.savejob.SavejobApplication for test class com.longevity.savejob.web.HelloControllerTest
2022-08-11 17:41:13.731  INFO 21796 --- [    Test worker] .b.t.a.w.s.WebMvcTestContextBootstrapper : Loaded default TestExecutionListener class names from location [META-INF/spring.factories]: [org.springframework.security.test.context.support.WithSecurityContextTestExecutionListener, org.springframework.security.test.context.support.ReactorContextTestExecutionListener, org.springframework.boot.test.autoconfigure.restdocs.RestDocsTestExecutionListener, org.springframework.boot.test.autoconfigure.web.client.MockRestServiceServerResetTestExecutionListener, org.springframework.boot.test.autoconfigure.web.servlet.MockMvcPrintOnlyOnFailureTestExecutionListener, org.springframework.boot.test.autoconfigure.web.servlet.WebDriverTestExecutionListener, org.springframework.boot.test.autoconfigure.webservices.client.MockWebServiceServerTestExecutionListener, org.springframework.boot.test.mock.mockito.MockitoTestExecutionListener, org.springframework.boot.test.mock.mockito.ResetMocksTestExecutionListener, org.springframework.test.context.web.ServletTestExecutionListener, org.springframework.test.context.support.DirtiesContextBeforeModesTestExecutionListener, org.springframework.test.context.support.DependencyInjectionTestExecutionListener, org.springframework.test.context.support.DirtiesContextTestExecutionListener, org.springframework.test.context.transaction.TransactionalTestExecutionListener, org.springframework.test.context.jdbc.SqlScriptsTestExecutionListener, org.springframework.test.context.event.EventPublishingTestExecutionListener]
2022-08-11 17:41:13.740  INFO 21796 --- [    Test worker] .b.t.a.w.s.WebMvcTestContextBootstrapper : Using TestExecutionListeners: [org.springframework.test.context.web.ServletTestExecutionListener@5443a726, org.springframework.test.context.support.DirtiesContextBeforeModesTestExecutionListener@18df2379, org.springframework.boot.test.mock.mockito.MockitoTestExecutionListener@5c22f847, org.springframework.boot.test.autoconfigure.SpringBootDependencyInjectionTestExecutionListener@1b58edd, org.springframework.test.context.support.DirtiesContextTestExecutionListener@4806735a, org.springframework.test.context.transaction.TransactionalTestExecutionListener@292355c8, org.springframework.test.context.jdbc.SqlScriptsTestExecutionListener@6208606b, org.springframework.security.test.context.support.WithSecurityContextTestExecutionListener@4fe6c991, org.springframework.test.context.event.EventPublishingTestExecutionListener@3401ff94, org.springframework.security.test.context.support.ReactorContextTestExecutionListener@73f61c9, org.springframework.boot.test.autoconfigure.restdocs.RestDocsTestExecutionListener@2615427d, org.springframework.boot.test.autoconfigure.web.client.MockRestServiceServerResetTestExecutionListener@5fc6bd6f, org.springframework.boot.test.autoconfigure.web.servlet.MockMvcPrintOnlyOnFailureTestExecutionListener@6400045c, org.springframework.boot.test.autoconfigure.web.servlet.WebDriverTestExecutionListener@184d003c, org.springframework.boot.test.autoconfigure.webservices.client.MockWebServiceServerTestExecutionListener@1447bfe2, org.springframework.boot.test.mock.mockito.ResetMocksTestExecutionListener@7e8045c0]

  .   ____          _            __ _ _
 /\\ / ___'_ __ _ _(_)_ __  __ _ \ \ \ \
( ( )\___ | '_ | '_| | '_ \/ _` | \ \ \ \
 \\/  ___)| |_)| | | | | || (_| |  ) ) ) )
  '  |____| .__|_| |_|_| |_\__, | / / / /
 =========|_|==============|___/=/_/_/_/
 :: Spring Boot ::                (v2.4.1)

2022-08-11 17:41:13.873  INFO 21796 --- [    Test worker] c.l.savejob.web.HelloControllerTest      : Starting HelloControllerTest using Java 1.8.0_161 on LAPTOP-RJQPLQEQ with PID 21796 (started by tnwls in C:\Users\tnwls\Desktop\test\savejob)
2022-08-11 17:41:13.875  INFO 21796 --- [    Test worker] c.l.savejob.web.HelloControllerTest      : No active profile set, falling back to default profiles: default
2022-08-11 17:41:14.904  INFO 21796 --- [    Test worker] o.s.s.concurrent.ThreadPoolTaskExecutor  : Initializing ExecutorService 'applicationTaskExecutor'
2022-08-11 17:41:15.051  INFO 21796 --- [    Test worker] o.s.b.a.w.s.WelcomePageHandlerMapping    : Adding welcome page template: index
2022-08-11 17:41:16.413  INFO 21796 --- [    Test worker] o.s.s.web.DefaultSecurityFilterChain     : Will secure any request with [org.springframework.security.web.context.request.async.WebAsyncManagerIntegrationFilter@1d33391b, org.springframework.security.web.context.SecurityContextPersistenceFilter@fa99a02, org.springframework.security.web.header.HeaderWriterFilter@400507f, org.springframework.security.web.csrf.CsrfFilter@73dc06ec, org.springframework.security.web.authentication.logout.LogoutFilter@13ece7a1, org.springframework.security.oauth2.client.web.OAuth2AuthorizationRequestRedirectFilter@271d9814, org.springframework.security.oauth2.client.web.OAuth2AuthorizationRequestRedirectFilter@2face7b5, org.springframework.security.oauth2.client.web.OAuth2LoginAuthenticationFilter@66732929, org.springframework.security.web.authentication.ui.DefaultLoginPageGeneratingFilter@1e690e9b, org.springframework.security.web.authentication.ui.DefaultLogoutPageGeneratingFilter@3d08a712, org.springframework.security.web.savedrequest.RequestCacheAwareFilter@7914324, org.springframework.security.web.servletapi.SecurityContextHolderAwareRequestFilter@1947801, org.springframework.security.web.authentication.AnonymousAuthenticationFilter@488fa9e4, org.springframework.security.oauth2.client.web.OAuth2AuthorizationCodeGrantFilter@92f9bac, org.springframework.security.web.session.SessionManagementFilter@1778cd75, org.springframework.security.web.access.ExceptionTranslationFilter@531a02b, org.springframework.security.web.access.intercept.FilterSecurityInterceptor@7e36f416]
2022-08-11 17:41:16.841  INFO 21796 --- [    Test worker] o.s.b.t.m.w.SpringBootMockServletContext : Initializing Spring TestDispatcherServlet ''
2022-08-11 17:41:16.842  INFO 21796 --- [    Test worker] o.s.t.web.servlet.TestDispatcherServlet  : Initializing Servlet ''
2022-08-11 17:41:16.844  INFO 21796 --- [    Test worker] o.s.t.web.servlet.TestDispatcherServlet  : Completed initialization in 2 ms
2022-08-11 17:41:16.921  INFO 21796 --- [    Test worker] c.l.savejob.web.HelloControllerTest      : Started HelloControllerTest in 3.17 seconds (JVM running for 44.571)
]]></system-out>
  <system-err><![CDATA[]]></system-err>
</testsuite>
