<?xml version="1.0" encoding="UTF-8"?>
<testsuite name="com.longevity.savejob.web.HelloControllerTest" tests="2" skipped="0" failures="0" errors="0" timestamp="2022-08-12T05:34:48" hostname="LAPTOP-RJQPLQEQ" time="0.747">
  <properties/>
  <testcase name="hello가_리턴된다()" classname="com.longevity.savejob.web.HelloControllerTest" time="0.33"/>
  <testcase name="helloDto가_리턴된다()" classname="com.longevity.savejob.web.HelloControllerTest" time="0.415"/>
  <system-out><![CDATA[2022-08-12 14:34:43.561  INFO 23852 --- [    Test worker] .b.t.a.w.s.WebMvcTestContextBootstrapper : Neither @ContextConfiguration nor @ContextHierarchy found for test class [com.longevity.savejob.web.HelloControllerTest], using SpringBootContextLoader
2022-08-12 14:34:43.573  INFO 23852 --- [    Test worker] o.s.t.c.support.AbstractContextLoader    : Could not detect default resource locations for test class [com.longevity.savejob.web.HelloControllerTest]: no resource found for suffixes {-context.xml, Context.groovy}.
2022-08-12 14:34:43.574  INFO 23852 --- [    Test worker] t.c.s.AnnotationConfigContextLoaderUtils : Could not detect default configuration classes for test class [com.longevity.savejob.web.HelloControllerTest]: HelloControllerTest does not declare any static, non-private, non-final, nested classes annotated with @Configuration.
2022-08-12 14:34:43.681  INFO 23852 --- [    Test worker] .b.t.c.SpringBootTestContextBootstrapper : Found @SpringBootConfiguration com.longevity.savejob.SavejobApplication for test class com.longevity.savejob.web.HelloControllerTest
2022-08-12 14:34:43.686  INFO 23852 --- [    Test worker] .b.t.a.w.s.WebMvcTestContextBootstrapper : Loaded default TestExecutionListener class names from location [META-INF/spring.factories]: [org.springframework.security.test.context.support.WithSecurityContextTestExecutionListener, org.springframework.security.test.context.support.ReactorContextTestExecutionListener, org.springframework.boot.test.autoconfigure.restdocs.RestDocsTestExecutionListener, org.springframework.boot.test.autoconfigure.web.client.MockRestServiceServerResetTestExecutionListener, org.springframework.boot.test.autoconfigure.web.servlet.MockMvcPrintOnlyOnFailureTestExecutionListener, org.springframework.boot.test.autoconfigure.web.servlet.WebDriverTestExecutionListener, org.springframework.boot.test.autoconfigure.webservices.client.MockWebServiceServerTestExecutionListener, org.springframework.boot.test.mock.mockito.MockitoTestExecutionListener, org.springframework.boot.test.mock.mockito.ResetMocksTestExecutionListener, org.springframework.test.context.web.ServletTestExecutionListener, org.springframework.test.context.support.DirtiesContextBeforeModesTestExecutionListener, org.springframework.test.context.support.DependencyInjectionTestExecutionListener, org.springframework.test.context.support.DirtiesContextTestExecutionListener, org.springframework.test.context.transaction.TransactionalTestExecutionListener, org.springframework.test.context.jdbc.SqlScriptsTestExecutionListener, org.springframework.test.context.event.EventPublishingTestExecutionListener]
2022-08-12 14:34:43.690  INFO 23852 --- [    Test worker] .b.t.a.w.s.WebMvcTestContextBootstrapper : Using TestExecutionListeners: [org.springframework.test.context.web.ServletTestExecutionListener@5b51f399, org.springframework.test.context.support.DirtiesContextBeforeModesTestExecutionListener@76bacf85, org.springframework.boot.test.mock.mockito.MockitoTestExecutionListener@268f1705, org.springframework.boot.test.autoconfigure.SpringBootDependencyInjectionTestExecutionListener@6d708852, org.springframework.test.context.support.DirtiesContextTestExecutionListener@3969635e, org.springframework.test.context.transaction.TransactionalTestExecutionListener@190f4511, org.springframework.test.context.jdbc.SqlScriptsTestExecutionListener@47665e0a, org.springframework.security.test.context.support.WithSecurityContextTestExecutionListener@2e3d6cac, org.springframework.test.context.event.EventPublishingTestExecutionListener@5c3c99a6, org.springframework.security.test.context.support.ReactorContextTestExecutionListener@3ff868fd, org.springframework.boot.test.autoconfigure.restdocs.RestDocsTestExecutionListener@4a9bf706, org.springframework.boot.test.autoconfigure.web.client.MockRestServiceServerResetTestExecutionListener@f86baf5, org.springframework.boot.test.autoconfigure.web.servlet.MockMvcPrintOnlyOnFailureTestExecutionListener@374ff30a, org.springframework.boot.test.autoconfigure.web.servlet.WebDriverTestExecutionListener@4b0cda9e, org.springframework.boot.test.autoconfigure.webservices.client.MockWebServiceServerTestExecutionListener@5e3a373e, org.springframework.boot.test.mock.mockito.ResetMocksTestExecutionListener@64d17f1e]

  .   ____          _            __ _ _
 /\\ / ___'_ __ _ _(_)_ __  __ _ \ \ \ \
( ( )\___ | '_ | '_| | '_ \/ _` | \ \ \ \
 \\/  ___)| |_)| | | | | || (_| |  ) ) ) )
  '  |____| .__|_| |_|_| |_\__, | / / / /
 =========|_|==============|___/=/_/_/_/
 :: Spring Boot ::                (v2.4.1)

2022-08-12 14:34:43.874  INFO 23852 --- [    Test worker] c.l.savejob.web.HelloControllerTest      : Starting HelloControllerTest using Java 1.8.0_161 on LAPTOP-RJQPLQEQ with PID 23852 (started by tnwls in C:\Users\tnwls\Desktop\test\savejob)
2022-08-12 14:34:43.902  INFO 23852 --- [    Test worker] c.l.savejob.web.HelloControllerTest      : No active profile set, falling back to default profiles: default
2022-08-12 14:34:45.631  INFO 23852 --- [    Test worker] o.s.s.concurrent.ThreadPoolTaskExecutor  : Initializing ExecutorService 'applicationTaskExecutor'
2022-08-12 14:34:45.808  INFO 23852 --- [    Test worker] o.s.b.a.w.s.WelcomePageHandlerMapping    : Adding welcome page template: index
2022-08-12 14:34:47.932  INFO 23852 --- [    Test worker] o.s.s.web.DefaultSecurityFilterChain     : Will secure any request with [org.springframework.security.web.context.request.async.WebAsyncManagerIntegrationFilter@7b56044a, org.springframework.security.web.context.SecurityContextPersistenceFilter@7c47578d, org.springframework.security.web.header.HeaderWriterFilter@3c070c1d, org.springframework.security.web.csrf.CsrfFilter@296ee85b, org.springframework.security.web.authentication.logout.LogoutFilter@2ae0756, org.springframework.security.oauth2.client.web.OAuth2AuthorizationRequestRedirectFilter@5cf37c09, org.springframework.security.oauth2.client.web.OAuth2AuthorizationRequestRedirectFilter@ef9d574, org.springframework.security.oauth2.client.web.OAuth2LoginAuthenticationFilter@f213c29, org.springframework.security.web.authentication.ui.DefaultLoginPageGeneratingFilter@9ff6874, org.springframework.security.web.authentication.ui.DefaultLogoutPageGeneratingFilter@6e5f39e0, org.springframework.security.web.savedrequest.RequestCacheAwareFilter@a702542, org.springframework.security.web.servletapi.SecurityContextHolderAwareRequestFilter@e13b7f5, org.springframework.security.web.authentication.AnonymousAuthenticationFilter@69c7028e, org.springframework.security.oauth2.client.web.OAuth2AuthorizationCodeGrantFilter@1d53498c, org.springframework.security.web.session.SessionManagementFilter@627517f6, org.springframework.security.web.access.ExceptionTranslationFilter@45e664fb, org.springframework.security.web.access.intercept.FilterSecurityInterceptor@407a3375]
2022-08-12 14:34:48.494  INFO 23852 --- [    Test worker] o.s.b.t.m.w.SpringBootMockServletContext : Initializing Spring TestDispatcherServlet ''
2022-08-12 14:34:48.494  INFO 23852 --- [    Test worker] o.s.t.web.servlet.TestDispatcherServlet  : Initializing Servlet ''
2022-08-12 14:34:48.499  INFO 23852 --- [    Test worker] o.s.t.web.servlet.TestDispatcherServlet  : Completed initialization in 5 ms
2022-08-12 14:34:48.566  INFO 23852 --- [    Test worker] c.l.savejob.web.HelloControllerTest      : Started HelloControllerTest in 4.865 seconds (JVM running for 31.068)
]]></system-out>
  <system-err><![CDATA[]]></system-err>
</testsuite>
