<?xml version="1.0" encoding="UTF-8"?>
<testsuite name="com.longevity.savejob.web.dto.HelloResponseDtoTest" tests="1" skipped="0" failures="0" errors="0" timestamp="2022-08-11T08:41:13" hostname="LAPTOP-RJQPLQEQ" time="0.016">
  <properties/>
  <testcase name="롬복_기능_테스트()" classname="com.longevity.savejob.web.dto.HelloResponseDtoTest" time="0.016"/>
  <system-out><![CDATA[]]></system-out>
  <system-err><![CDATA[]]></system-err>
</testsuite>
