<?xml version="1.0" encoding="UTF-8"?>
<testsuite name="com.longevity.savejob.web.IndexControllerTest" tests="1" skipped="0" failures="0" errors="0" timestamp="2022-08-11T08:41:04" hostname="LAPTOP-RJQPLQEQ" time="1.721">
  <properties/>
  <testcase name="메인페이지_로딩()" classname="com.longevity.savejob.web.IndexControllerTest" time="1.721"/>
  <system-out><![CDATA[17:40:34.856 [Test worker] DEBUG org.springframework.test.context.BootstrapUtils - Instantiating CacheAwareContextLoaderDelegate from class [org.springframework.test.context.cache.DefaultCacheAwareContextLoaderDelegate]
17:40:34.898 [Test worker] DEBUG org.springframework.test.context.BootstrapUtils - Instantiating BootstrapContext using constructor [public org.springframework.test.context.support.DefaultBootstrapContext(java.lang.Class,org.springframework.test.context.CacheAwareContextLoaderDelegate)]
17:40:34.999 [Test worker] DEBUG org.springframework.test.context.BootstrapUtils - Instantiating TestContextBootstrapper for test class [com.longevity.savejob.web.IndexControllerTest] from class [org.springframework.boot.test.context.SpringBootTestContextBootstrapper]
17:40:35.040 [Test worker] INFO org.springframework.boot.test.context.SpringBootTestContextBootstrapper - Neither @ContextConfiguration nor @ContextHierarchy found for test class [com.longevity.savejob.web.IndexControllerTest], using SpringBootContextLoader
17:40:35.053 [Test worker] DEBUG org.springframework.test.context.support.AbstractContextLoader - Did not detect default resource location for test class [com.longevity.savejob.web.IndexControllerTest]: class path resource [com/longevity/savejob/web/IndexControllerTest-context.xml] does not exist
17:40:35.054 [Test worker] DEBUG org.springframework.test.context.support.AbstractContextLoader - Did not detect default resource location for test class [com.longevity.savejob.web.IndexControllerTest]: class path resource [com/longevity/savejob/web/IndexControllerTestContext.groovy] does not exist
17:40:35.055 [Test worker] INFO org.springframework.test.context.support.AbstractContextLoader - Could not detect default resource locations for test class [com.longevity.savejob.web.IndexControllerTest]: no resource found for suffixes {-context.xml, Context.groovy}.
17:40:35.057 [Test worker] INFO org.springframework.test.context.support.AnnotationConfigContextLoaderUtils - Could not detect default configuration classes for test class [com.longevity.savejob.web.IndexControllerTest]: IndexControllerTest does not declare any static, non-private, non-final, nested classes annotated with @Configuration.
17:40:35.150 [Test worker] DEBUG org.springframework.test.context.support.ActiveProfilesUtils - Could not find an 'annotation declaring class' for annotation type [org.springframework.test.context.ActiveProfiles] and class [com.longevity.savejob.web.IndexControllerTest]
17:40:35.302 [Test worker] DEBUG org.springframework.context.annotation.ClassPathScanningCandidateComponentProvider - Identified candidate component class: file [C:\Users\tnwls\Desktop\test\savejob\build\classes\java\main\com\longevity\savejob\SavejobApplication.class]
17:40:35.304 [Test worker] INFO org.springframework.boot.test.context.SpringBootTestContextBootstrapper - Found @SpringBootConfiguration com.longevity.savejob.SavejobApplication for test class com.longevity.savejob.web.IndexControllerTest
17:40:35.628 [Test worker] DEBUG org.springframework.boot.test.context.SpringBootTestContextBootstrapper - @TestExecutionListeners is not present for class [com.longevity.savejob.web.IndexControllerTest]: using defaults.
17:40:35.630 [Test worker] INFO org.springframework.boot.test.context.SpringBootTestContextBootstrapper - Loaded default TestExecutionListener class names from location [META-INF/spring.factories]: [org.springframework.security.test.context.support.WithSecurityContextTestExecutionListener, org.springframework.security.test.context.support.ReactorContextTestExecutionListener, org.springframework.boot.test.autoconfigure.restdocs.RestDocsTestExecutionListener, org.springframework.boot.test.autoconfigure.web.client.MockRestServiceServerResetTestExecutionListener, org.springframework.boot.test.autoconfigure.web.servlet.MockMvcPrintOnlyOnFailureTestExecutionListener, org.springframework.boot.test.autoconfigure.web.servlet.WebDriverTestExecutionListener, org.springframework.boot.test.autoconfigure.webservices.client.MockWebServiceServerTestExecutionListener, org.springframework.boot.test.mock.mockito.MockitoTestExecutionListener, org.springframework.boot.test.mock.mockito.ResetMocksTestExecutionListener, org.springframework.test.context.web.ServletTestExecutionListener, org.springframework.test.context.support.DirtiesContextBeforeModesTestExecutionListener, org.springframework.test.context.support.DependencyInjectionTestExecutionListener, org.springframework.test.context.support.DirtiesContextTestExecutionListener, org.springframework.test.context.transaction.TransactionalTestExecutionListener, org.springframework.test.context.jdbc.SqlScriptsTestExecutionListener, org.springframework.test.context.event.EventPublishingTestExecutionListener]
17:40:35.682 [Test worker] INFO org.springframework.boot.test.context.SpringBootTestContextBootstrapper - Using TestExecutionListeners: [org.springframework.test.context.web.ServletTestExecutionListener@7a9fd669, org.springframework.test.context.support.DirtiesContextBeforeModesTestExecutionListener@6d78196b, org.springframework.boot.test.mock.mockito.MockitoTestExecutionListener@2dfa4d1a, org.springframework.boot.test.autoconfigure.SpringBootDependencyInjectionTestExecutionListener@2e7f98b6, org.springframework.test.context.support.DirtiesContextTestExecutionListener@2a573f8e, org.springframework.test.context.transaction.TransactionalTestExecutionListener@749d8ee, org.springframework.test.context.jdbc.SqlScriptsTestExecutionListener@7824d780, org.springframework.security.test.context.support.WithSecurityContextTestExecutionListener@2acc5a1a, org.springframework.test.context.event.EventPublishingTestExecutionListener@3974ab82, org.springframework.security.test.context.support.ReactorContextTestExecutionListener@70b39aea, org.springframework.boot.test.autoconfigure.restdocs.RestDocsTestExecutionListener@2ef5cbab, org.springframework.boot.test.autoconfigure.web.client.MockRestServiceServerResetTestExecutionListener@662158e5, org.springframework.boot.test.autoconfigure.web.servlet.MockMvcPrintOnlyOnFailureTestExecutionListener@7a15d718, org.springframework.boot.test.autoconfigure.web.servlet.WebDriverTestExecutionListener@161d667a, org.springframework.boot.test.autoconfigure.webservices.client.MockWebServiceServerTestExecutionListener@16354f81, org.springframework.boot.test.mock.mockito.ResetMocksTestExecutionListener@7a3fdbd2]
17:40:35.692 [Test worker] DEBUG org.springframework.test.context.support.AbstractDirtiesContextTestExecutionListener - Before test class: context [DefaultTestContext@2a17d5fb testClass = IndexControllerTest, testInstance = [null], testMethod = [null], testException = [null], mergedContextConfiguration = [WebMergedContextConfiguration@2de9dd14 testClass = IndexControllerTest, locations = '{}', classes = '{class com.longevity.savejob.SavejobApplication}', contextInitializerClasses = '[]', activeProfiles = '{}', propertySourceLocations = '{}', propertySourceProperties = '{org.springframework.boot.test.context.SpringBootTestContextBootstrapper=true, server.port=0}', contextCustomizers = set[org.springframework.boot.test.autoconfigure.actuate.metrics.MetricsExportContextCustomizerFactory$DisableMetricExportContextCustomizer@37dea9d8, org.springframework.boot.test.autoconfigure.properties.PropertyMappingContextCustomizer@0, org.springframework.boot.test.autoconfigure.web.servlet.WebDriverContextCustomizerFactory$Customizer@728f3e5, org.springframework.boot.test.context.filter.ExcludeFilterContextCustomizer@4f5b1d8a, org.springframework.boot.test.json.DuplicateJsonObjectContextCustomizerFactory$DuplicateJsonObjectContextCustomizer@185b1c9, org.springframework.boot.test.mock.mockito.MockitoContextCustomizer@0, org.springframework.boot.test.web.client.TestRestTemplateContextCustomizer@495933, org.springframework.boot.test.context.SpringBootTestArgs@1, org.springframework.boot.test.context.SpringBootTestWebEnvironment@1c325b6e], resourceBasePath = 'src/main/webapp', contextLoader = 'org.springframework.boot.test.context.SpringBootContextLoader', parent = [null]], attributes = map['org.springframework.test.context.web.ServletTestExecutionListener.activateListener' -> false]], class annotated with @DirtiesContext [false] with mode [null].
17:40:35.713 [Test worker] DEBUG org.springframework.test.context.support.DependencyInjectionTestExecutionListener - Performing dependency injection for test context [[DefaultTestContext@2a17d5fb testClass = IndexControllerTest, testInstance = com.longevity.savejob.web.IndexControllerTest@35dab98, testMethod = [null], testException = [null], mergedContextConfiguration = [WebMergedContextConfiguration@2de9dd14 testClass = IndexControllerTest, locations = '{}', classes = '{class com.longevity.savejob.SavejobApplication}', contextInitializerClasses = '[]', activeProfiles = '{}', propertySourceLocations = '{}', propertySourceProperties = '{org.springframework.boot.test.context.SpringBootTestContextBootstrapper=true, server.port=0}', contextCustomizers = set[org.springframework.boot.test.autoconfigure.actuate.metrics.MetricsExportContextCustomizerFactory$DisableMetricExportContextCustomizer@37dea9d8, org.springframework.boot.test.autoconfigure.properties.PropertyMappingContextCustomizer@0, org.springframework.boot.test.autoconfigure.web.servlet.WebDriverContextCustomizerFactory$Customizer@728f3e5, org.springframework.boot.test.context.filter.ExcludeFilterContextCustomizer@4f5b1d8a, org.springframework.boot.test.json.DuplicateJsonObjectContextCustomizerFactory$DuplicateJsonObjectContextCustomizer@185b1c9, org.springframework.boot.test.mock.mockito.MockitoContextCustomizer@0, org.springframework.boot.test.web.client.TestRestTemplateContextCustomizer@495933, org.springframework.boot.test.context.SpringBootTestArgs@1, org.springframework.boot.test.context.SpringBootTestWebEnvironment@1c325b6e], resourceBasePath = 'src/main/webapp', contextLoader = 'org.springframework.boot.test.context.SpringBootContextLoader', parent = [null]], attributes = map['org.springframework.test.context.web.ServletTestExecutionListener.activateListener' -> false]]].
17:40:35.764 [Test worker] DEBUG org.springframework.test.context.support.TestPropertySourceUtils - Adding inlined properties to environment: {spring.jmx.enabled=false, org.springframework.boot.test.context.SpringBootTestContextBootstrapper=true, server.port=0}

  .   ____          _            __ _ _
 /\\ / ___'_ __ _ _(_)_ __  __ _ \ \ \ \
( ( )\___ | '_ | '_| | '_ \/ _` | \ \ \ \
 \\/  ___)| |_)| | | | | || (_| |  ) ) ) )
  '  |____| .__|_| |_|_| |_\__, | / / / /
 =========|_|==============|___/=/_/_/_/
 :: Spring Boot ::                (v2.4.1)

2022-08-11 17:40:36.492  INFO 21796 --- [    Test worker] c.l.savejob.web.IndexControllerTest      : Starting IndexControllerTest using Java 1.8.0_161 on LAPTOP-RJQPLQEQ with PID 21796 (started by tnwls in C:\Users\tnwls\Desktop\test\savejob)
2022-08-11 17:40:36.497  INFO 21796 --- [    Test worker] c.l.savejob.web.IndexControllerTest      : No active profile set, falling back to default profiles: default
2022-08-11 17:40:40.478  INFO 21796 --- [    Test worker] .s.d.r.c.RepositoryConfigurationDelegate : Bootstrapping Spring Data JPA repositories in DEFAULT mode.
2022-08-11 17:40:40.998  INFO 21796 --- [    Test worker] .s.d.r.c.RepositoryConfigurationDelegate : Finished Spring Data repository scanning in 480 ms. Found 2 JPA repository interfaces.
2022-08-11 17:40:44.969  INFO 21796 --- [    Test worker] o.s.b.w.embedded.tomcat.TomcatWebServer  : Tomcat initialized with port(s): 0 (http)
2022-08-11 17:40:45.028  INFO 21796 --- [    Test worker] o.apache.catalina.core.StandardService   : Starting service [Tomcat]
2022-08-11 17:40:45.030  INFO 21796 --- [    Test worker] org.apache.catalina.core.StandardEngine  : Starting Servlet engine: [Apache Tomcat/9.0.41]
2022-08-11 17:40:45.751  INFO 21796 --- [    Test worker] o.a.c.c.C.[Tomcat].[localhost].[/]       : Initializing Spring embedded WebApplicationContext
2022-08-11 17:40:45.751  INFO 21796 --- [    Test worker] w.s.c.ServletWebServerApplicationContext : Root WebApplicationContext: initialization completed in 9167 ms
2022-08-11 17:40:46.359  INFO 21796 --- [    Test worker] com.zaxxer.hikari.HikariDataSource       : HikariPool-1 - Starting...
2022-08-11 17:40:47.577  INFO 21796 --- [    Test worker] com.zaxxer.hikari.HikariDataSource       : HikariPool-1 - Start completed.
2022-08-11 17:40:47.603  INFO 21796 --- [    Test worker] o.s.b.a.h2.H2ConsoleAutoConfiguration    : H2 console available at '/h2-console'. Database available at 'jdbc:h2:mem:testdb'
2022-08-11 17:40:48.983  INFO 21796 --- [    Test worker] o.hibernate.jpa.internal.util.LogHelper  : HHH000204: Processing PersistenceUnitInfo [name: default]
2022-08-11 17:40:49.279  INFO 21796 --- [    Test worker] org.hibernate.Version                    : HHH000412: Hibernate ORM core version 5.4.25.Final
2022-08-11 17:40:50.152  INFO 21796 --- [    Test worker] o.hibernate.annotations.common.Version   : HCANN000001: Hibernate Commons Annotations {5.1.2.Final}
2022-08-11 17:40:50.866  INFO 21796 --- [    Test worker] org.hibernate.dialect.Dialect            : HHH000400: Using dialect: org.hibernate.dialect.MySQL57Dialect
Hibernate: drop table if exists posts
Hibernate: drop table if exists user
Hibernate: create table posts (id bigint not null auto_increment, created_date datetime(6), modified_date datetime(6), author varchar(255), content TEXT not null, title varchar(500) not null, primary key (id)) engine=InnoDB
Hibernate: create table user (id bigint not null auto_increment, created_date datetime(6), modified_date datetime(6), email varchar(255) not null, name varchar(255) not null, picture varchar(255), role varchar(255) not null, primary key (id)) engine=InnoDB
2022-08-11 17:40:54.437  INFO 21796 --- [    Test worker] o.h.e.t.j.p.i.JtaPlatformInitiator       : HHH000490: Using JtaPlatform implementation: [org.hibernate.engine.transaction.jta.platform.internal.NoJtaPlatform]
2022-08-11 17:40:54.487  INFO 21796 --- [    Test worker] j.LocalContainerEntityManagerFactoryBean : Initialized JPA EntityManagerFactory for persistence unit 'default'
2022-08-11 17:40:57.782  WARN 21796 --- [    Test worker] JpaBaseConfiguration$JpaWebConfiguration : spring.jpa.open-in-view is enabled by default. Therefore, database queries may be performed during view rendering. Explicitly configure spring.jpa.open-in-view to disable this warning
2022-08-11 17:41:00.729  INFO 21796 --- [    Test worker] o.s.s.web.DefaultSecurityFilterChain     : Will secure any request with [org.springframework.security.web.context.request.async.WebAsyncManagerIntegrationFilter@47b623a2, org.springframework.security.web.context.SecurityContextPersistenceFilter@5ea3debc, org.springframework.security.web.header.HeaderWriterFilter@39abd4e6, org.springframework.security.web.authentication.logout.LogoutFilter@3983d2b6, org.springframework.security.oauth2.client.web.OAuth2AuthorizationRequestRedirectFilter@f9c568c, org.springframework.security.oauth2.client.web.OAuth2LoginAuthenticationFilter@61ca6f78, org.springframework.security.web.authentication.ui.DefaultLoginPageGeneratingFilter@2b41d463, org.springframework.security.web.authentication.ui.DefaultLogoutPageGeneratingFilter@4f79b08e, org.springframework.security.web.savedrequest.RequestCacheAwareFilter@21df339a, org.springframework.security.web.servletapi.SecurityContextHolderAwareRequestFilter@5d543ad1, org.springframework.security.web.authentication.AnonymousAuthenticationFilter@51897d7, org.springframework.security.web.session.SessionManagementFilter@572604cf, org.springframework.security.web.access.ExceptionTranslationFilter@73569823, org.springframework.security.web.access.intercept.FilterSecurityInterceptor@523a5e93]
2022-08-11 17:41:02.078  INFO 21796 --- [    Test worker] o.s.s.concurrent.ThreadPoolTaskExecutor  : Initializing ExecutorService 'applicationTaskExecutor'
2022-08-11 17:41:02.592  INFO 21796 --- [    Test worker] o.s.b.a.w.s.WelcomePageHandlerMapping    : Adding welcome page template: index
2022-08-11 17:41:04.232  INFO 21796 --- [    Test worker] o.s.b.w.embedded.tomcat.TomcatWebServer  : Tomcat started on port(s): 64512 (http) with context path ''
2022-08-11 17:41:04.277  INFO 21796 --- [    Test worker] s.a.ScheduledAnnotationBeanPostProcessor : No TaskScheduler/ScheduledExecutorService bean found for scheduled processing
2022-08-11 17:41:04.314  INFO 21796 --- [    Test worker] c.l.savejob.web.IndexControllerTest      : Started IndexControllerTest in 28.546 seconds (JVM running for 31.965)
2022-08-11 17:41:05.209  INFO 21796 --- [o-auto-1-exec-1] o.a.c.c.C.[Tomcat].[localhost].[/]       : Initializing Spring DispatcherServlet 'dispatcherServlet'
2022-08-11 17:41:05.209  INFO 21796 --- [o-auto-1-exec-1] o.s.web.servlet.DispatcherServlet        : Initializing Servlet 'dispatcherServlet'
2022-08-11 17:41:05.213  INFO 21796 --- [o-auto-1-exec-1] o.s.web.servlet.DispatcherServlet        : Completed initialization in 3 ms
Hibernate: select posts0_.id as id1_0_, posts0_.created_date as created_2_0_, posts0_.modified_date as modified3_0_, posts0_.author as author4_0_, posts0_.content as content5_0_, posts0_.title as title6_0_ from posts posts0_ order by posts0_.id DESC
]]></system-out>
  <system-err><![CDATA[]]></system-err>
</testsuite>
