<?xml version="1.0" encoding="UTF-8"?>
<testsuite name="com.longevity.savejob.web.PostsApiControllerTest" tests="2" skipped="0" failures="0" errors="0" timestamp="2022-08-11T08:41:17" hostname="LAPTOP-RJQPLQEQ" time="0.392">
  <properties/>
  <testcase name="Posts_등록된다()" classname="com.longevity.savejob.web.PostsApiControllerTest" time="0.27"/>
  <testcase name="Posts_수정된다()" classname="com.longevity.savejob.web.PostsApiControllerTest" time="0.12"/>
  <system-out><![CDATA[2022-08-11 17:41:17.516  INFO 21796 --- [    Test worker] .b.t.c.SpringBootTestContextBootstrapper : Neither @ContextConfiguration nor @ContextHierarchy found for test class [com.longevity.savejob.web.PostsApiControllerTest], using SpringBootContextLoader
2022-08-11 17:41:17.519  INFO 21796 --- [    Test worker] o.s.t.c.support.AbstractContextLoader    : Could not detect default resource locations for test class [com.longevity.savejob.web.PostsApiControllerTest]: no resource found for suffixes {-context.xml, Context.groovy}.
2022-08-11 17:41:17.521  INFO 21796 --- [    Test worker] t.c.s.AnnotationConfigContextLoaderUtils : Could not detect default configuration classes for test class [com.longevity.savejob.web.PostsApiControllerTest]: PostsApiControllerTest does not declare any static, non-private, non-final, nested classes annotated with @Configuration.
2022-08-11 17:41:17.529  INFO 21796 --- [    Test worker] .b.t.c.SpringBootTestContextBootstrapper : Found @SpringBootConfiguration com.longevity.savejob.SavejobApplication for test class com.longevity.savejob.web.PostsApiControllerTest
2022-08-11 17:41:17.533  INFO 21796 --- [    Test worker] .b.t.c.SpringBootTestContextBootstrapper : Loaded default TestExecutionListener class names from location [META-INF/spring.factories]: [org.springframework.security.test.context.support.WithSecurityContextTestExecutionListener, org.springframework.security.test.context.support.ReactorContextTestExecutionListener, org.springframework.boot.test.autoconfigure.restdocs.RestDocsTestExecutionListener, org.springframework.boot.test.autoconfigure.web.client.MockRestServiceServerResetTestExecutionListener, org.springframework.boot.test.autoconfigure.web.servlet.MockMvcPrintOnlyOnFailureTestExecutionListener, org.springframework.boot.test.autoconfigure.web.servlet.WebDriverTestExecutionListener, org.springframework.boot.test.autoconfigure.webservices.client.MockWebServiceServerTestExecutionListener, org.springframework.boot.test.mock.mockito.MockitoTestExecutionListener, org.springframework.boot.test.mock.mockito.ResetMocksTestExecutionListener, org.springframework.test.context.web.ServletTestExecutionListener, org.springframework.test.context.support.DirtiesContextBeforeModesTestExecutionListener, org.springframework.test.context.support.DependencyInjectionTestExecutionListener, org.springframework.test.context.support.DirtiesContextTestExecutionListener, org.springframework.test.context.transaction.TransactionalTestExecutionListener, org.springframework.test.context.jdbc.SqlScriptsTestExecutionListener, org.springframework.test.context.event.EventPublishingTestExecutionListener]
2022-08-11 17:41:17.537  INFO 21796 --- [    Test worker] .b.t.c.SpringBootTestContextBootstrapper : Using TestExecutionListeners: [org.springframework.test.context.web.ServletTestExecutionListener@3410ef7e, org.springframework.test.context.support.DirtiesContextBeforeModesTestExecutionListener@75eb41dd, org.springframework.boot.test.mock.mockito.MockitoTestExecutionListener@183e0e2c, org.springframework.boot.test.autoconfigure.SpringBootDependencyInjectionTestExecutionListener@64daa939, org.springframework.test.context.support.DirtiesContextTestExecutionListener@5702c1c3, org.springframework.test.context.transaction.TransactionalTestExecutionListener@78c88757, org.springframework.test.context.jdbc.SqlScriptsTestExecutionListener@106fa90c, org.springframework.security.test.context.support.WithSecurityContextTestExecutionListener@21cd4959, org.springframework.test.context.event.EventPublishingTestExecutionListener@6080887a, org.springframework.security.test.context.support.ReactorContextTestExecutionListener@5c4e5902, org.springframework.boot.test.autoconfigure.restdocs.RestDocsTestExecutionListener@3184ac4e, org.springframework.boot.test.autoconfigure.web.client.MockRestServiceServerResetTestExecutionListener@7ac8aca6, org.springframework.boot.test.autoconfigure.web.servlet.MockMvcPrintOnlyOnFailureTestExecutionListener@1eef28dd, org.springframework.boot.test.autoconfigure.web.servlet.WebDriverTestExecutionListener@30c7e44b, org.springframework.boot.test.autoconfigure.webservices.client.MockWebServiceServerTestExecutionListener@2435c8c1, org.springframework.boot.test.mock.mockito.ResetMocksTestExecutionListener@1b27ed7d]
2022-08-11 17:41:17.564  INFO 21796 --- [    Test worker] o.a.c.c.C.[Tomcat].[localhost].[/]       : Initializing Spring TestDispatcherServlet ''
2022-08-11 17:41:17.564  INFO 21796 --- [    Test worker] o.s.t.web.servlet.TestDispatcherServlet  : Initializing Servlet ''
2022-08-11 17:41:17.567  INFO 21796 --- [    Test worker] o.s.t.web.servlet.TestDispatcherServlet  : Completed initialization in 1 ms
Hibernate: insert into posts (created_date, modified_date, author, content, title) values (?, ?, ?, ?, ?)
Hibernate: select posts0_.id as id1_0_, posts0_.created_date as created_2_0_, posts0_.modified_date as modified3_0_, posts0_.author as author4_0_, posts0_.content as content5_0_, posts0_.title as title6_0_ from posts posts0_
Hibernate: select posts0_.id as id1_0_, posts0_.created_date as created_2_0_, posts0_.modified_date as modified3_0_, posts0_.author as author4_0_, posts0_.content as content5_0_, posts0_.title as title6_0_ from posts posts0_
Hibernate: delete from posts where id=?
2022-08-11 17:41:17.828  INFO 21796 --- [    Test worker] o.a.c.c.C.[Tomcat].[localhost].[/]       : Initializing Spring TestDispatcherServlet ''
2022-08-11 17:41:17.828  INFO 21796 --- [    Test worker] o.s.t.web.servlet.TestDispatcherServlet  : Initializing Servlet ''
2022-08-11 17:41:17.834  INFO 21796 --- [    Test worker] o.s.t.web.servlet.TestDispatcherServlet  : Completed initialization in 6 ms
Hibernate: insert into posts (created_date, modified_date, author, content, title) values (?, ?, ?, ?, ?)
Hibernate: select posts0_.id as id1_0_0_, posts0_.created_date as created_2_0_0_, posts0_.modified_date as modified3_0_0_, posts0_.author as author4_0_0_, posts0_.content as content5_0_0_, posts0_.title as title6_0_0_ from posts posts0_ where posts0_.id=?
Hibernate: update posts set created_date=?, modified_date=?, author=?, content=?, title=? where id=?
Hibernate: select posts0_.id as id1_0_, posts0_.created_date as created_2_0_, posts0_.modified_date as modified3_0_, posts0_.author as author4_0_, posts0_.content as content5_0_, posts0_.title as title6_0_ from posts posts0_
Hibernate: select posts0_.id as id1_0_, posts0_.created_date as created_2_0_, posts0_.modified_date as modified3_0_, posts0_.author as author4_0_, posts0_.content as content5_0_, posts0_.title as title6_0_ from posts posts0_
Hibernate: delete from posts where id=?
]]></system-out>
  <system-err><![CDATA[]]></system-err>
</testsuite>
