<?xml version="1.0" encoding="UTF-8"?>
<testsuite name="com.longevity.savejob.web.dto.HelloResponseDtoTest" tests="1" skipped="0" failures="0" errors="0" timestamp="2022-08-12T05:34:43" hostname="LAPTOP-RJQPLQEQ" time="0.022">
  <properties/>
  <testcase name="롬복_기능_테스트()" classname="com.longevity.savejob.web.dto.HelloResponseDtoTest" time="0.022"/>
  <system-out><![CDATA[]]></system-out>
  <system-err><![CDATA[]]></system-err>
</testsuite>
