<?xml version="1.0" encoding="UTF-8"?>
<testsuite name="com.longevity.savejob.web.PostsApiControllerTest" tests="2" skipped="0" failures="0" errors="0" timestamp="2022-08-12T05:35:01" hostname="LAPTOP-RJQPLQEQ" time="0.837">
  <properties/>
  <testcase name="Posts_등록된다()" classname="com.longevity.savejob.web.PostsApiControllerTest" time="0.656"/>
  <testcase name="Posts_수정된다()" classname="com.longevity.savejob.web.PostsApiControllerTest" time="0.176"/>
  <system-out><![CDATA[2022-08-12 14:35:01.539  INFO 23852 --- [    Test worker] .b.t.c.SpringBootTestContextBootstrapper : Neither @ContextConfiguration nor @ContextHierarchy found for test class [com.longevity.savejob.web.PostsApiControllerTest], using SpringBootContextLoader
2022-08-12 14:35:01.542  INFO 23852 --- [    Test worker] o.s.t.c.support.AbstractContextLoader    : Could not detect default resource locations for test class [com.longevity.savejob.web.PostsApiControllerTest]: no resource found for suffixes {-context.xml, Context.groovy}.
2022-08-12 14:35:01.543  INFO 23852 --- [    Test worker] t.c.s.AnnotationConfigContextLoaderUtils : Could not detect default configuration classes for test class [com.longevity.savejob.web.PostsApiControllerTest]: PostsApiControllerTest does not declare any static, non-private, non-final, nested classes annotated with @Configuration.
2022-08-12 14:35:01.550  INFO 23852 --- [    Test worker] .b.t.c.SpringBootTestContextBootstrapper : Found @SpringBootConfiguration com.longevity.savejob.SavejobApplication for test class com.longevity.savejob.web.PostsApiControllerTest
2022-08-12 14:35:01.556  INFO 23852 --- [    Test worker] .b.t.c.SpringBootTestContextBootstrapper : Loaded default TestExecutionListener class names from location [META-INF/spring.factories]: [org.springframework.security.test.context.support.WithSecurityContextTestExecutionListener, org.springframework.security.test.context.support.ReactorContextTestExecutionListener, org.springframework.boot.test.autoconfigure.restdocs.RestDocsTestExecutionListener, org.springframework.boot.test.autoconfigure.web.client.MockRestServiceServerResetTestExecutionListener, org.springframework.boot.test.autoconfigure.web.servlet.MockMvcPrintOnlyOnFailureTestExecutionListener, org.springframework.boot.test.autoconfigure.web.servlet.WebDriverTestExecutionListener, org.springframework.boot.test.autoconfigure.webservices.client.MockWebServiceServerTestExecutionListener, org.springframework.boot.test.mock.mockito.MockitoTestExecutionListener, org.springframework.boot.test.mock.mockito.ResetMocksTestExecutionListener, org.springframework.test.context.web.ServletTestExecutionListener, org.springframework.test.context.support.DirtiesContextBeforeModesTestExecutionListener, org.springframework.test.context.support.DependencyInjectionTestExecutionListener, org.springframework.test.context.support.DirtiesContextTestExecutionListener, org.springframework.test.context.transaction.TransactionalTestExecutionListener, org.springframework.test.context.jdbc.SqlScriptsTestExecutionListener, org.springframework.test.context.event.EventPublishingTestExecutionListener]
2022-08-12 14:35:01.561  INFO 23852 --- [    Test worker] .b.t.c.SpringBootTestContextBootstrapper : Using TestExecutionListeners: [org.springframework.test.context.web.ServletTestExecutionListener@607a1e18, org.springframework.test.context.support.DirtiesContextBeforeModesTestExecutionListener@73e5fd9e, org.springframework.boot.test.mock.mockito.MockitoTestExecutionListener@28bcc107, org.springframework.boot.test.autoconfigure.SpringBootDependencyInjectionTestExecutionListener@63fb9939, org.springframework.test.context.support.DirtiesContextTestExecutionListener@53c1d180, org.springframework.test.context.transaction.TransactionalTestExecutionListener@f14df6b, org.springframework.test.context.jdbc.SqlScriptsTestExecutionListener@416e8377, org.springframework.security.test.context.support.WithSecurityContextTestExecutionListener@7e63e832, org.springframework.test.context.event.EventPublishingTestExecutionListener@23737baf, org.springframework.security.test.context.support.ReactorContextTestExecutionListener@ab5172d, org.springframework.boot.test.autoconfigure.restdocs.RestDocsTestExecutionListener@3ff55837, org.springframework.boot.test.autoconfigure.web.client.MockRestServiceServerResetTestExecutionListener@5eb60583, org.springframework.boot.test.autoconfigure.web.servlet.MockMvcPrintOnlyOnFailureTestExecutionListener@66a0a3f9, org.springframework.boot.test.autoconfigure.web.servlet.WebDriverTestExecutionListener@440ecc7f, org.springframework.boot.test.autoconfigure.webservices.client.MockWebServiceServerTestExecutionListener@51af1029, org.springframework.boot.test.mock.mockito.ResetMocksTestExecutionListener@3fdb8d82]
2022-08-12 14:35:01.605  INFO 23852 --- [    Test worker] o.a.c.c.C.[Tomcat].[localhost].[/]       : Initializing Spring TestDispatcherServlet ''
2022-08-12 14:35:01.606  INFO 23852 --- [    Test worker] o.s.t.web.servlet.TestDispatcherServlet  : Initializing Servlet ''
2022-08-12 14:35:01.609  INFO 23852 --- [    Test worker] o.s.t.web.servlet.TestDispatcherServlet  : Completed initialization in 2 ms
Hibernate: insert into posts (created_date, modified_date, author, content, title) values (?, ?, ?, ?, ?)
Hibernate: select posts0_.id as id1_0_, posts0_.created_date as created_2_0_, posts0_.modified_date as modified3_0_, posts0_.author as author4_0_, posts0_.content as content5_0_, posts0_.title as title6_0_ from posts posts0_
Hibernate: select posts0_.id as id1_0_, posts0_.created_date as created_2_0_, posts0_.modified_date as modified3_0_, posts0_.author as author4_0_, posts0_.content as content5_0_, posts0_.title as title6_0_ from posts posts0_
Hibernate: delete from posts where id=?
2022-08-12 14:35:02.243  INFO 23852 --- [    Test worker] o.a.c.c.C.[Tomcat].[localhost].[/]       : Initializing Spring TestDispatcherServlet ''
2022-08-12 14:35:02.243  INFO 23852 --- [    Test worker] o.s.t.web.servlet.TestDispatcherServlet  : Initializing Servlet ''
2022-08-12 14:35:02.246  INFO 23852 --- [    Test worker] o.s.t.web.servlet.TestDispatcherServlet  : Completed initialization in 1 ms
Hibernate: insert into posts (created_date, modified_date, author, content, title) values (?, ?, ?, ?, ?)
Hibernate: select posts0_.id as id1_0_0_, posts0_.created_date as created_2_0_0_, posts0_.modified_date as modified3_0_0_, posts0_.author as author4_0_0_, posts0_.content as content5_0_0_, posts0_.title as title6_0_0_ from posts posts0_ where posts0_.id=?
Hibernate: update posts set created_date=?, modified_date=?, author=?, content=?, title=? where id=?
Hibernate: select posts0_.id as id1_0_, posts0_.created_date as created_2_0_, posts0_.modified_date as modified3_0_, posts0_.author as author4_0_, posts0_.content as content5_0_, posts0_.title as title6_0_ from posts posts0_
Hibernate: select posts0_.id as id1_0_, posts0_.created_date as created_2_0_, posts0_.modified_date as modified3_0_, posts0_.author as author4_0_, posts0_.content as content5_0_, posts0_.title as title6_0_ from posts posts0_
Hibernate: delete from posts where id=?
]]></system-out>
  <system-err><![CDATA[]]></system-err>
</testsuite>
